<?xml version="1.0" encoding="UTF-8"?>
<!-- Generated by org.testng.reporters.JUnitReportReporter -->
<testsuite hostname="apples-MacBook-Pro.local" failures="0" tests="1" name="testCases.TC_001_AccountRegidtration" time="5.824" errors="0" timestamp="2022-04-04T14:00:24 IST" skipped="0">
  <testcase classname="testCases.TC_001_AccountRegidtration" name="test_account_Registration" time="5.824"/>
  <system-out/>
</testsuite> <!-- testCases.TC_001_AccountRegidtration -->
