<?xml version="1.0" encoding="UTF-8"?>
<!-- Generated by org.testng.reporters.JUnitReportReporter -->
<testsuite hostname="apples-MacBook-Pro.local" failures="0" tests="1" name="testCases.TC_001_AccountRegidtration" time="6.496" errors="0" timestamp="2022-04-05T13:34:09 IST" skipped="0">
  <testcase classname="testCases.TC_001_AccountRegidtration" name="test_account_Registration" time="6.496"/>
  <system-out/>
</testsuite> <!-- testCases.TC_001_AccountRegidtration -->
