<?xml version="1.0" encoding="UTF-8"?>
<!-- Generated by org.testng.reporters.JUnitReportReporter -->
<testsuite hostname="apples-MacBook-Pro.local" failures="0" tests="1" name="testCases.TC_002_Login" time="6.133" errors="0" timestamp="2022-04-05T13:34:09 IST" skipped="0">
  <testcase classname="testCases.TC_002_Login" name="test_Login" time="6.133"/>
  <system-out/>
</testsuite> <!-- testCases.TC_002_Login -->
